0 verbose cli /usr/local/bin/node /usr/local/bin/npm
1 info using npm@10.8.3
2 info using node@v21.7.3
3 silly config load:file:/usr/local/lib/node_modules/npm/npmrc
4 silly config load:file:/home/container/.npmrc
5 silly config load:file:/usr/local/etc/npmrc
6 verbose title npm install node-fetch dotenv
7 verbose argv "install" "node-fetch" "dotenv"
8 verbose logfile logs-max:10 dir:/home/container/.npm/_logs/2024-09-21T16_42_45_837Z-
9 verbose logfile /home/container/.npm/_logs/2024-09-21T16_42_45_837Z-debug-0.log
10 silly packumentCache heap:2197815296 maxSize:549453824 maxEntrySize:274726912
11 silly logfile done cleaning log files
12 silly idealTree buildDeps
13 silly fetch manifest node-fetch@^3.3.2
14 silly packumentCache full:https://registry.npmjs.org/node-fetch cache-miss
15 http fetch GET 200 https://registry.npmjs.org/node-fetch 11ms (cache hit)
16 silly packumentCache full:https://registry.npmjs.org/node-fetch set size:896010 disposed:false
17 silly fetch manifest dotenv@*
18 silly packumentCache full:https://registry.npmjs.org/dotenv cache-miss
19 http fetch GET 200 https://registry.npmjs.org/dotenv 180ms (cache miss)
20 silly packumentCache full:https://registry.npmjs.org/dotenv set size:undefined disposed:false
21 silly placeDep ROOT dotenv@16.4.5 OK for:  want: *
22 silly placeDep ROOT node-fetch@3.3.2 REPLACE for:  want: ^3.3.2
23 silly reify moves {}
24 silly audit bulk request {
24 silly audit   'data-uri-to-buffer': [ '4.0.1' ],
24 silly audit   'fetch-blob': [ '3.2.0' ],
24 silly audit   'formdata-polyfill': [ '4.0.10' ],
24 silly audit   'node-domexception': [ '1.0.0' ],
24 silly audit   'web-streams-polyfill': [ '3.3.3' ],
24 silly audit   dotenv: [ '16.4.5' ],
24 silly audit   'node-fetch': [ '3.3.2' ]
24 silly audit }
25 silly tarball no local data for dotenv@https://registry.npmjs.org/dotenv/-/dotenv-16.4.5.tgz. Extracting by manifest.
26 http fetch GET 200 https://registry.npmjs.org/dotenv/-/dotenv-16.4.5.tgz 139ms (cache miss)
27 http fetch POST 200 https://registry.npmjs.org/-/npm/v1/security/advisories/bulk 177ms
28 silly audit report {}
29 silly ADD node_modules/dotenv
30 verbose cwd /home/container
31 verbose os Linux 5.14.0-427.31.1.el9_4.x86_64
32 verbose node v21.7.3
33 verbose npm  v10.8.3
34 verbose exit 0
35 info ok
