0 verbose cli /usr/local/bin/node /usr/local/bin/npm
1 info using npm@10.8.3
2 info using node@v21.7.3
3 silly config load:file:/usr/local/lib/node_modules/npm/npmrc
4 silly config load:file:/home/container/.npmrc
5 silly config load:file:/usr/local/etc/npmrc
6 verbose title npm install node-fetch
7 verbose argv "install" "node-fetch"
8 verbose logfile logs-max:10 dir:/home/container/.npm/_logs/2024-09-21T16_41_31_660Z-
9 verbose logfile /home/container/.npm/_logs/2024-09-21T16_41_31_660Z-debug-0.log
10 silly packumentCache heap:2197815296 maxSize:549453824 maxEntrySize:274726912
11 silly logfile done cleaning log files
12 silly idealTree buildDeps
13 silly fetch manifest node-fetch@*
14 silly packumentCache full:https://registry.npmjs.org/node-fetch cache-miss
15 http fetch GET 200 https://registry.npmjs.org/node-fetch 184ms (cache miss)
16 silly packumentCache full:https://registry.npmjs.org/node-fetch set size:undefined disposed:false
17 silly placeDep ROOT node-fetch@3.3.2 OK for:  want: *
18 silly fetch manifest data-uri-to-buffer@^4.0.0
19 silly packumentCache full:https://registry.npmjs.org/data-uri-to-buffer cache-miss
20 silly fetch manifest fetch-blob@^3.1.4
21 silly packumentCache full:https://registry.npmjs.org/fetch-blob cache-miss
22 silly fetch manifest formdata-polyfill@^4.0.10
23 silly packumentCache full:https://registry.npmjs.org/formdata-polyfill cache-miss
24 http fetch GET 200 https://registry.npmjs.org/npm 232ms
25 http fetch GET 200 https://registry.npmjs.org/formdata-polyfill 70ms (cache miss)
26 silly packumentCache full:https://registry.npmjs.org/formdata-polyfill set size:undefined disposed:false
27 http fetch GET 200 https://registry.npmjs.org/data-uri-to-buffer 75ms (cache miss)
28 silly packumentCache full:https://registry.npmjs.org/data-uri-to-buffer set size:undefined disposed:false
29 http fetch GET 200 https://registry.npmjs.org/fetch-blob 139ms (cache miss)
30 silly packumentCache full:https://registry.npmjs.org/fetch-blob set size:undefined disposed:false
31 silly placeDep ROOT data-uri-to-buffer@4.0.1 OK for: node-fetch@3.3.2 want: ^4.0.0
32 silly placeDep ROOT fetch-blob@3.2.0 OK for: node-fetch@3.3.2 want: ^3.1.4
33 silly placeDep ROOT formdata-polyfill@4.0.10 OK for: node-fetch@3.3.2 want: ^4.0.10
34 silly fetch manifest node-domexception@^1.0.0
35 silly packumentCache full:https://registry.npmjs.org/node-domexception cache-miss
36 silly fetch manifest web-streams-polyfill@^3.0.3
37 silly packumentCache full:https://registry.npmjs.org/web-streams-polyfill cache-miss
38 http fetch GET 200 https://registry.npmjs.org/node-domexception 50ms (cache miss)
39 silly packumentCache full:https://registry.npmjs.org/node-domexception set size:undefined disposed:false
40 http fetch GET 200 https://registry.npmjs.org/web-streams-polyfill 60ms (cache miss)
41 silly packumentCache full:https://registry.npmjs.org/web-streams-polyfill set size:undefined disposed:false
42 silly placeDep ROOT node-domexception@1.0.0 OK for: fetch-blob@3.2.0 want: ^1.0.0
43 silly placeDep ROOT web-streams-polyfill@3.3.3 OK for: fetch-blob@3.2.0 want: ^3.0.3
44 silly reify moves {}
45 silly tarball no local data for web-streams-polyfill@https://registry.npmjs.org/web-streams-polyfill/-/web-streams-polyfill-3.3.3.tgz. Extracting by manifest.
46 silly tarball no local data for fetch-blob@https://registry.npmjs.org/fetch-blob/-/fetch-blob-3.2.0.tgz. Extracting by manifest.
47 silly tarball no local data for formdata-polyfill@https://registry.npmjs.org/formdata-polyfill/-/formdata-polyfill-4.0.10.tgz. Extracting by manifest.
48 silly tarball no local data for data-uri-to-buffer@https://registry.npmjs.org/data-uri-to-buffer/-/data-uri-to-buffer-4.0.1.tgz. Extracting by manifest.
49 silly tarball no local data for node-fetch@https://registry.npmjs.org/node-fetch/-/node-fetch-3.3.2.tgz. Extracting by manifest.
50 silly tarball no local data for node-domexception@https://registry.npmjs.org/node-domexception/-/node-domexception-1.0.0.tgz. Extracting by manifest.
51 http fetch GET 200 https://registry.npmjs.org/fetch-blob/-/fetch-blob-3.2.0.tgz 65ms (cache miss)
52 http fetch GET 200 https://registry.npmjs.org/formdata-polyfill/-/formdata-polyfill-4.0.10.tgz 65ms (cache miss)
53 http fetch GET 200 https://registry.npmjs.org/node-domexception/-/node-domexception-1.0.0.tgz 145ms (cache miss)
54 http fetch GET 200 https://registry.npmjs.org/data-uri-to-buffer/-/data-uri-to-buffer-4.0.1.tgz 147ms (cache miss)
55 http fetch GET 200 https://registry.npmjs.org/node-fetch/-/node-fetch-3.3.2.tgz 164ms (cache miss)
56 http fetch GET 200 https://registry.npmjs.org/web-streams-polyfill/-/web-streams-polyfill-3.3.3.tgz 178ms (cache miss)
57 silly ADD node_modules/web-streams-polyfill
58 silly ADD node_modules/node-domexception
59 silly ADD node_modules/formdata-polyfill
60 silly ADD node_modules/fetch-blob
61 silly ADD node_modules/data-uri-to-buffer
62 silly ADD node_modules/node-fetch
63 verbose cwd /home/container
64 verbose os Linux 5.14.0-427.31.1.el9_4.x86_64
65 verbose node v21.7.3
66 verbose npm  v10.8.3
67 verbose exit 0
68 info ok
